<?xml version="1.0" encoding="UTF-8"?>
<!-- Generated by org.testng.reporters.JUnitReportReporter -->
<testsuite hostname="NOTEBOOK-05" failures="0" tests="1" name="API.GetYearFact" time="0.576" errors="0" timestamp="2021-04-27T08:53:28 AMT" skipped="0">
  <testcase classname="API.GetYearFact" name="Get" time="0.576"/>
  <system-out/>
</testsuite> <!-- API.GetYearFact -->
